<?xml version="1.0" encoding="UTF-8"?>
<!-- Generated by org.testng.reporters.JUnitXMLReporter -->
<testsuite ignored="0" hostname="ThinkpadT430-PC" failures="0" tests="4" name="Default test" time="28.071" errors="0" timestamp="22 Sep 2020 17:13:54 GMT">
  <testcase classname="tests.Factorial_Test" name="verifyButton" time="0.061"/>
  <testcase classname="tests.Factorial_Test" name="verifyError" time="0.302"/>
  <testcase classname="tests.Factorial_Test" name="verifyText" time="0.074"/>
  <testcase classname="tests.Factorial_Test" name="verifyTitle" time="0.006"/>
</testsuite> <!-- Default test -->
