<?xml version="1.0" encoding="UTF-8"?>
<testng-results ignored="0" total="4" passed="4" failed="0" skipped="0">
  <reporter-output>
  </reporter-output>
  <suite started-at="2020-09-22T17:13:26Z" name="Default suite" finished-at="2020-09-22T17:13:54Z" duration-ms="28071">
    <groups>
    </groups>
    <test started-at="2020-09-22T17:13:26Z" name="Default test" finished-at="2020-09-22T17:13:54Z" duration-ms="28071">
      <class name="tests.Factorial_Test">
        <test-method is-config="true" signature="beforeMethod()[pri:0, instance:tests.Factorial_Test@2638011]" started-at="2020-09-22T17:13:26Z" name="beforeMethod" finished-at="2020-09-22T17:13:34Z" duration-ms="7765" status="PASS">
          <reporter-output>
          </reporter-output>
        </test-method> <!-- beforeMethod -->
        <test-method signature="verifyButton()[pri:0, instance:tests.Factorial_Test@2638011]" started-at="2020-09-22T17:13:34Z" name="verifyButton" finished-at="2020-09-22T17:13:34Z" duration-ms="61" status="PASS">
          <reporter-output>
          </reporter-output>
        </test-method> <!-- verifyButton -->
        <test-method is-config="true" signature="afterMethod()[pri:0, instance:tests.Factorial_Test@2638011]" started-at="2020-09-22T17:13:34Z" name="afterMethod" finished-at="2020-09-22T17:13:35Z" duration-ms="964" status="PASS">
          <reporter-output>
          </reporter-output>
        </test-method> <!-- afterMethod -->
        <test-method is-config="true" signature="beforeMethod()[pri:0, instance:tests.Factorial_Test@2638011]" started-at="2020-09-22T17:13:35Z" name="beforeMethod" finished-at="2020-09-22T17:13:40Z" duration-ms="4999" status="PASS">
          <reporter-output>
          </reporter-output>
        </test-method> <!-- beforeMethod -->
        <test-method signature="verifyError()[pri:0, instance:tests.Factorial_Test@2638011]" started-at="2020-09-22T17:13:40Z" name="verifyError" finished-at="2020-09-22T17:13:40Z" duration-ms="302" status="PASS">
          <reporter-output>
          </reporter-output>
        </test-method> <!-- verifyError -->
        <test-method is-config="true" signature="afterMethod()[pri:0, instance:tests.Factorial_Test@2638011]" started-at="2020-09-22T17:13:40Z" name="afterMethod" finished-at="2020-09-22T17:13:41Z" duration-ms="906" status="PASS">
          <reporter-output>
          </reporter-output>
        </test-method> <!-- afterMethod -->
        <test-method is-config="true" signature="beforeMethod()[pri:0, instance:tests.Factorial_Test@2638011]" started-at="2020-09-22T17:13:41Z" name="beforeMethod" finished-at="2020-09-22T17:13:47Z" duration-ms="6189" status="PASS">
          <reporter-output>
          </reporter-output>
        </test-method> <!-- beforeMethod -->
        <test-method signature="verifyText()[pri:0, instance:tests.Factorial_Test@2638011]" started-at="2020-09-22T17:13:47Z" name="verifyText" finished-at="2020-09-22T17:13:47Z" duration-ms="74" status="PASS">
          <reporter-output>
          </reporter-output>
        </test-method> <!-- verifyText -->
        <test-method is-config="true" signature="afterMethod()[pri:0, instance:tests.Factorial_Test@2638011]" started-at="2020-09-22T17:13:47Z" name="afterMethod" finished-at="2020-09-22T17:13:48Z" duration-ms="897" status="PASS">
          <reporter-output>
          </reporter-output>
        </test-method> <!-- afterMethod -->
        <test-method is-config="true" signature="beforeMethod()[pri:0, instance:tests.Factorial_Test@2638011]" started-at="2020-09-22T17:13:48Z" name="beforeMethod" finished-at="2020-09-22T17:13:53Z" duration-ms="4821" status="PASS">
          <reporter-output>
          </reporter-output>
        </test-method> <!-- beforeMethod -->
        <test-method signature="verifyTitle()[pri:0, instance:tests.Factorial_Test@2638011]" started-at="2020-09-22T17:13:53Z" name="verifyTitle" finished-at="2020-09-22T17:13:53Z" duration-ms="6" status="PASS">
          <reporter-output>
          </reporter-output>
        </test-method> <!-- verifyTitle -->
        <test-method is-config="true" signature="afterMethod()[pri:0, instance:tests.Factorial_Test@2638011]" started-at="2020-09-22T17:13:53Z" name="afterMethod" finished-at="2020-09-22T17:13:54Z" duration-ms="1057" status="PASS">
          <reporter-output>
          </reporter-output>
        </test-method> <!-- afterMethod -->
      </class> <!-- tests.Factorial_Test -->
    </test> <!-- Default test -->
  </suite> <!-- Default suite -->
</testng-results>
